<?xml version="1.0" encoding="UTF-8"?>
<!-- Generated by org.testng.reporters.JUnitReportReporter -->
<testsuite hostname="DESKTOP-MQJN69E" failures="0" tests="20" name="Framework_TestCases.DeleteCustomerTestCases" time="20.925" errors="0" timestamp="2022-08-11T12:18:14 IST" skipped="0">
  <testcase classname="Framework_TestCases.DeleteCustomerTestCases" name="deletingCustomerWithValidID" time="1.095"/>
  <system-out/>
  <testcase classname="Framework_TestCases.DeleteCustomerTestCases" name="deletingCustomerWithValidID" time="1.025"/>
  <system-out/>
  <testcase classname="Framework_TestCases.DeleteCustomerTestCases" name="deletingCustomerWithValidID" time="0.958"/>
  <system-out/>
  <testcase classname="Framework_TestCases.DeleteCustomerTestCases" name="deletingCustomerWithValidID" time="1.052"/>
  <system-out/>
  <testcase classname="Framework_TestCases.DeleteCustomerTestCases" name="deletingCustomerWithValidID" time="1.006"/>
  <system-out/>
  <testcase classname="Framework_TestCases.DeleteCustomerTestCases" name="deletingCustomerWithValidID" time="0.977"/>
  <system-out/>
  <testcase classname="Framework_TestCases.DeleteCustomerTestCases" name="deletingCustomerWithValidID" time="0.971"/>
  <system-out/>
  <testcase classname="Framework_TestCases.DeleteCustomerTestCases" name="deletingCustomerWithValidID" time="1.083"/>
  <system-out/>
  <testcase classname="Framework_TestCases.DeleteCustomerTestCases" name="deletingCustomerWithValidID" time="1.066"/>
  <system-out/>
  <testcase classname="Framework_TestCases.DeleteCustomerTestCases" name="deletingCustomerWithValidID" time="1.098"/>
  <system-out/>
  <testcase classname="Framework_TestCases.DeleteCustomerTestCases" name="deletingCustomerWithValidID" time="1.085"/>
  <system-out/>
  <testcase classname="Framework_TestCases.DeleteCustomerTestCases" name="deletingCustomerWithValidID" time="1.116"/>
  <system-out/>
  <testcase classname="Framework_TestCases.DeleteCustomerTestCases" name="deletingCustomerWithValidID" time="1.037"/>
  <system-out/>
  <testcase classname="Framework_TestCases.DeleteCustomerTestCases" name="deletingCustomerWithValidID" time="1.196"/>
  <system-out/>
  <testcase classname="Framework_TestCases.DeleteCustomerTestCases" name="deletingCustomerWithValidID" time="1.025"/>
  <system-out/>
  <testcase classname="Framework_TestCases.DeleteCustomerTestCases" name="deletingCustomerWithValidID" time="0.948"/>
  <system-out/>
  <testcase classname="Framework_TestCases.DeleteCustomerTestCases" name="deletingCustomerWithValidID" time="1.123"/>
  <system-out/>
  <testcase classname="Framework_TestCases.DeleteCustomerTestCases" name="deletingCustomerWithValidID" time="0.961"/>
  <system-out/>
  <testcase classname="Framework_TestCases.DeleteCustomerTestCases" name="deletingCustomerWithValidID" time="1.105"/>
  <system-out/>
  <testcase classname="Framework_TestCases.DeleteCustomerTestCases" name="deletingCustomerWithValidID" time="0.998"/>
  <system-out/>
</testsuite> <!-- Framework_TestCases.DeleteCustomerTestCases -->
